<?xml version="1.0" encoding="UTF-8"?>
<!-- Generated by org.testng.reporters.JUnitReportReporter -->
<testsuite hostname="LAPTOP-A7HE83C8" failures="0" tests="1" name="OrganisationNew.CreateOrganizationTest" time="23.619" errors="0" timestamp="2024-09-03T18:44:26 IST" skipped="0">
  <testcase classname="OrganisationNew.CreateOrganizationTest" name="CreateOrganizationTest" time="23.619"/>
  <system-out/>
</testsuite> <!-- OrganisationNew.CreateOrganizationTest -->
