<?xml version="1.0" encoding="UTF-8"?>
<!-- Generated by org.testng.reporters.JUnitReportReporter -->
<testsuite hostname="LAPTOP-A7HE83C8" failures="0" tests="1" name="OrganisationNew.CreateOrganization" time="29.837" errors="0" timestamp="2024-09-03T16:49:48 IST" skipped="0">
  <testcase classname="OrganisationNew.CreateOrganization" name="createOrganization" time="29.837"/>
  <system-out/>
</testsuite> <!-- OrganisationNew.CreateOrganization -->
