<?xml version="1.0" encoding="UTF-8"?>
<!-- Generated by org.testng.reporters.JUnitReportReporter -->
<testsuite hostname="LAPTOP-A7HE83C8" failures="0" tests="2" name="testNgPractice.DataProviderEx3Test" time="43.811" errors="0" timestamp="2024-08-31T17:08:40 IST" skipped="0">
  <testcase classname="testNgPractice.DataProviderEx3Test" name="organizationModuleTest" time="22.551"/>
  <system-out/>
  <testcase classname="testNgPractice.DataProviderEx3Test" name="organizationModuleTest" time="21.260"/>
  <system-out/>
</testsuite> <!-- testNgPractice.DataProviderEx3Test -->
