<?xml version="1.0" encoding="UTF-8"?>
<!-- Generated by org.testng.reporters.JUnitReportReporter -->
<testsuite hostname="LAPTOP-A7HE83C8" failures="0" tests="1" name="testNgPractice.SampleTest" time="0.011" errors="0" timestamp="2024-08-29T20:56:35 IST" skipped="0">
  <testcase classname="testNgPractice.SampleTest" name="CreateProduct" time="0.011"/>
  <system-out/>
</testsuite> <!-- testNgPractice.SampleTest -->
